<?xml version="1.0" encoding="UTF-8"?>
<!-- Generated by org.testng.reporters.JUnitReportReporter -->
<testsuite name="com.learnautomation.testcases.LoginTestHAL" tests="1" time="2.890" ignored="0" failures="0" timestamp="10 Jun 2021 07:45:31 GMT" skipped="0" hostname="DESKTOP-85ELAF0" errors="0">
  <testcase name="LoginTest" time="2.890" classname="com.learnautomation.testcases.LoginTestHAL"/>
</testsuite> <!-- com.learnautomation.testcases.LoginTestHAL -->
